#
# There is insufficient memory for the Java Runtime Environment to continue.
# Native memory allocation (mmap) failed to map 402653184 bytes for G1 virtual space
# Possible reasons:
#   The system is out of physical RAM or swap space
#   The process is running with CompressedOops enabled, and the Java Heap may be blocking the growth of the native heap
# Possible solutions:
#   Reduce memory load on the system
#   Increase physical memory or swap space
#   Check if swap backing store is full
#   Decrease Java heap size (-Xmx/-Xms)
#   Decrease number of Java threads
#   Decrease Java thread stack sizes (-Xss)
#   Set larger code cache with -XX:ReservedCodeCacheSize=
#   JVM is running with Zero Based Compressed Oops mode in which the Java heap is
#     placed in the first 32GB address space. The Java Heap base address is the
#     maximum limit for the native heap growth. Please use -XX:HeapBaseMinAddress
#     to set the Java Heap base and to place the Java Heap above 32GB virtual address.
# This output file may be truncated or incomplete.
#
#  Out of Memory Error (os_windows.cpp:3550), pid=14020, tid=29428
#
# JRE version:  (17.0.8+9) (build )
# Java VM: Java HotSpot(TM) 64-Bit Server VM (17.0.8+9-LTS-211, mixed mode, sharing, tiered, compressed oops, compressed class ptrs, g1 gc, windows-amd64)
# No core dump will be written. Minidumps are not enabled by default on client versions of Windows
#

---------------  S U M M A R Y ------------

Command Line: -agentlib:jdwp=transport=dt_socket,address=127.0.0.1:54695,suspend=y,server=n -javaagent:C:\Users\euyan\AppData\Local\JetBrains\IntelliJIdea2023.3\captureAgent\debugger-agent.jar -Dfile.encoding=UTF-8 br.com.selecao.locadora.LeilaoApplication

Host: Intel(R) Core(TM) i5-9400 CPU @ 2.90GHz, 6 cores, 23G,  Windows 11 , 64 bit Build 22621 (10.0.22621.3235)
Time: Mon Mar 25 19:10:22 2024 E. South America Standard Time elapsed time: 0.032805 seconds (0d 0h 0m 0s)

---------------  T H R E A D  ---------------

Current thread (0x0000022979eaf670):  JavaThread "Unknown thread" [_thread_in_vm, id=29428, stack(0x000000901b400000,0x000000901b500000)]

Stack: [0x000000901b400000,0x000000901b500000]
Native frames: (J=compiled Java code, j=interpreted, Vv=VM code, C=native code)
V  [jvm.dll+0x677d0a]
V  [jvm.dll+0x7d8c54]
V  [jvm.dll+0x7da3fe]
V  [jvm.dll+0x7daa63]
V  [jvm.dll+0x245c5f]
V  [jvm.dll+0x674bb9]
V  [jvm.dll+0x6694f2]
V  [jvm.dll+0x3031d6]
V  [jvm.dll+0x30a756]
V  [jvm.dll+0x359f9e]
V  [jvm.dll+0x35a1cf]
V  [jvm.dll+0x2da3e8]
V  [jvm.dll+0x2db354]
V  [jvm.dll+0x7aa711]
V  [jvm.dll+0x367b51]
V  [jvm.dll+0x789979]
V  [jvm.dll+0x3eb05f]
V  [jvm.dll+0x3ecae1]
C  [jli.dll+0x5297]
C  [ucrtbase.dll+0x29363]
C  [KERNEL32.DLL+0x1257d]
C  [ntdll.dll+0x5aa58]


---------------  P R O C E S S  ---------------

Threads class SMR info:
_java_thread_list=0x00007fffb75059d8, length=0, elements={
}

Java Threads: ( => current thread )

Other Threads:
  0x0000022979ec5030 GCTaskThread "GC Thread#0" [stack: 0x000000901b500000,0x000000901b600000] [id=11540]
  0x0000022979f447a0 ConcurrentGCThread "G1 Main Marker" [stack: 0x000000901b600000,0x000000901b700000] [id=10648]
  0x0000022979f45950 ConcurrentGCThread "G1 Conc#0" [stack: 0x000000901b700000,0x000000901b800000] [id=28648]

[error occurred during error reporting (printing all threads), id 0xc0000005, EXCEPTION_ACCESS_VIOLATION (0xc0000005) at pc=0x00007fffb6d3b047]

VM state: not at safepoint (not fully initialized)

VM Mutex/Monitor currently owned by a thread:  ([mutex/lock_event])
[0x0000022979eaba20] Heap_lock - owner thread: 0x0000022979eaf670

Heap address: 0x0000000681400000, size: 6124 MB, Compressed Oops mode: Zero based, Oop shift amount: 3

CDS archive(s) mapped at: [0x0000000000000000-0x0000000000000000-0x0000000000000000), size 0, SharedBaseAddress: 0x0000000800000000, ArchiveRelocationMode: 1.
Narrow klass base: 0x0000000000000000, Narrow klass shift: 0, Narrow klass range: 0x0

GC Precious Log:
<Empty>

Heap:
 garbage-first heap   total 0K, used 0K [0x0000000681400000, 0x0000000800000000)
  region size 4096K, 0 young (0K), 0 survivors (0K)

[error occurred during error reporting (printing heap information), id 0xc0000005, EXCEPTION_ACCESS_VIOLATION (0xc0000005) at pc=0x00007fffb7121499]

GC Heap History (0 events):
No events

Deoptimization events (0 events):
No events

Classes unloaded (0 events):
No events

Classes redefined (0 events):
No events

Internal exceptions (0 events):
No events

VM Operations (0 events):
No events

Events (2 events):
Event: 0.024 Loaded shared library C:\Program Files\Java\jdk-17\bin\java.dll
Event: 0.025 Loaded shared library C:\Program Files\Java\jdk-17\bin\zip.dll


Dynamic libraries:
0x00007ff76d4a0000 - 0x00007ff76d4b0000 	C:\Program Files\Java\jdk-17\bin\java.exe
0x00007ff82c8f0000 - 0x00007ff82cb06000 	C:\WINDOWS\SYSTEM32\ntdll.dll
0x00007ff82b7a0000 - 0x00007ff82b864000 	C:\WINDOWS\System32\KERNEL32.DLL
0x00007ff829dd0000 - 0x00007ff82a176000 	C:\WINDOWS\System32\KERNELBASE.dll
0x00007ff82a1f0000 - 0x00007ff82a301000 	C:\WINDOWS\System32\ucrtbase.dll
0x00007fffc36b0000 - 0x00007fffc36cb000 	C:\Program Files\Java\jdk-17\bin\VCRUNTIME140.dll
0x00007fffc0850000 - 0x00007fffc0869000 	C:\Program Files\Java\jdk-17\bin\jli.dll
0x00007ff82a6a0000 - 0x00007ff82a752000 	C:\WINDOWS\System32\ADVAPI32.dll
0x00007ff82b880000 - 0x00007ff82b927000 	C:\WINDOWS\System32\msvcrt.dll
0x00007ff82bc10000 - 0x00007ff82bcb8000 	C:\WINDOWS\System32\sechost.dll
0x00007ff829d70000 - 0x00007ff829d98000 	C:\WINDOWS\System32\bcrypt.dll
0x00007ff82bcc0000 - 0x00007ff82bdd5000 	C:\WINDOWS\System32\RPCRT4.dll
0x00007ff82a940000 - 0x00007ff82aaed000 	C:\WINDOWS\System32\USER32.dll
0x00007ff8192d0000 - 0x00007ff819563000 	C:\WINDOWS\WinSxS\amd64_microsoft.windows.common-controls_6595b64144ccf1df_6.0.22621.3235_none_270f74e173860f98\COMCTL32.dll
0x00007ff829da0000 - 0x00007ff829dc6000 	C:\WINDOWS\System32\win32u.dll
0x00007ff82a610000 - 0x00007ff82a639000 	C:\WINDOWS\System32\GDI32.dll
0x00007ff82a310000 - 0x00007ff82a428000 	C:\WINDOWS\System32\gdi32full.dll
0x00007ff82a430000 - 0x00007ff82a4ca000 	C:\WINDOWS\System32\msvcp_win.dll
0x00007ff822c70000 - 0x00007ff822c7a000 	C:\WINDOWS\SYSTEM32\VERSION.dll
0x00007ff82bbd0000 - 0x00007ff82bc01000 	C:\WINDOWS\System32\IMM32.DLL
0x00007fffdeee0000 - 0x00007fffdeeec000 	C:\Program Files\Java\jdk-17\bin\vcruntime140_1.dll
0x00007fffbf270000 - 0x00007fffbf2fe000 	C:\Program Files\Java\jdk-17\bin\msvcp140.dll
0x00007fffb6a50000 - 0x00007fffb762e000 	C:\Program Files\Java\jdk-17\bin\server\jvm.dll
0x00007ff82aef0000 - 0x00007ff82aef8000 	C:\WINDOWS\System32\PSAPI.DLL
0x00007ff807cd0000 - 0x00007ff807cd9000 	C:\WINDOWS\SYSTEM32\WSOCK32.dll
0x00007ff82b1a0000 - 0x00007ff82b211000 	C:\WINDOWS\System32\WS2_32.dll
0x00007ff820910000 - 0x00007ff820944000 	C:\WINDOWS\SYSTEM32\WINMM.dll
0x00007ff828c40000 - 0x00007ff828c58000 	C:\WINDOWS\SYSTEM32\kernel.appcore.dll
0x00007fffde340000 - 0x00007fffde34a000 	C:\Program Files\Java\jdk-17\bin\jimage.dll
0x00007ff81e870000 - 0x00007ff81eaa3000 	C:\WINDOWS\SYSTEM32\DBGHELP.DLL
0x00007ff82ab60000 - 0x00007ff82aee8000 	C:\WINDOWS\System32\combase.dll
0x00007ff82b0a0000 - 0x00007ff82b177000 	C:\WINDOWS\System32\OLEAUT32.dll
0x00007ff80a4d0000 - 0x00007ff80a502000 	C:\WINDOWS\SYSTEM32\dbgcore.DLL
0x00007ff82a4d0000 - 0x00007ff82a54a000 	C:\WINDOWS\System32\bcryptPrimitives.dll
0x00007ff819df0000 - 0x00007ff819e2b000 	C:\Program Files\Java\jdk-17\bin\jdwp.dll
0x00007ff8250d0000 - 0x00007ff8250de000 	C:\Program Files\Java\jdk-17\bin\instrument.dll
0x00007fffbf240000 - 0x00007fffbf265000 	C:\Program Files\Java\jdk-17\bin\java.dll
0x00007fffbec50000 - 0x00007fffbec68000 	C:\Program Files\Java\jdk-17\bin\zip.dll

dbghelp: loaded successfully - version: 4.0.5 - missing functions: none
symbol engine: initialized successfully - sym options: 0x614 - pdb path: .;C:\Program Files\Java\jdk-17\bin;C:\WINDOWS\SYSTEM32;C:\WINDOWS\WinSxS\amd64_microsoft.windows.common-controls_6595b64144ccf1df_6.0.22621.3235_none_270f74e173860f98;C:\Program Files\Java\jdk-17\bin\server

VM Arguments:
jvm_args: -agentlib:jdwp=transport=dt_socket,address=127.0.0.1:54695,suspend=y,server=n -javaagent:C:\Users\euyan\AppData\Local\JetBrains\IntelliJIdea2023.3\captureAgent\debugger-agent.jar -Dfile.encoding=UTF-8 
java_command: br.com.selecao.locadora.LeilaoApplication
java_class_path (initial): E:\yan\Projeto-leilão\Selecao-Dev-AZ-master\Selecao-Dev-AZ-master\leilao-api\target\classes;C:\Users\euyan\.m2\repository\org\springframework\boot\spring-boot-starter-data-jpa\2.7.0\spring-boot-starter-data-jpa-2.7.0.jar;C:\Users\euyan\.m2\repository\org\springframework\boot\spring-boot-starter-aop\2.7.0\spring-boot-starter-aop-2.7.0.jar;C:\Users\euyan\.m2\repository\org\springframework\spring-aop\5.3.20\spring-aop-5.3.20.jar;C:\Users\euyan\.m2\repository\org\aspectj\aspectjweaver\1.9.7\aspectjweaver-1.9.7.jar;C:\Users\euyan\.m2\repository\org\springframework\boot\spring-boot-starter-jdbc\2.7.0\spring-boot-starter-jdbc-2.7.0.jar;C:\Users\euyan\.m2\repository\com\zaxxer\HikariCP\4.0.3\HikariCP-4.0.3.jar;C:\Users\euyan\.m2\repository\org\springframework\spring-jdbc\5.3.20\spring-jdbc-5.3.20.jar;C:\Users\euyan\.m2\repository\jakarta\transaction\jakarta.transaction-api\1.3.3\jakarta.transaction-api-1.3.3.jar;C:\Users\euyan\.m2\repository\jakarta\persistence\jakarta.persistence-api\2.2.3\jakarta.persistence-api-2.2.3.jar;C:\Users\euyan\.m2\repository\org\hibernate\hibernate-core\5.6.9.Final\hibernate-core-5.6.9.Final.jar;C:\Users\euyan\.m2\repository\org\jboss\logging\jboss-logging\3.4.3.Final\jboss-logging-3.4.3.Final.jar;C:\Users\euyan\.m2\repository\net\bytebuddy\byte-buddy\1.12.10\byte-buddy-1.12.10.jar;C:\Users\euyan\.m2\repository\antlr\antlr\2.7.7\antlr-2.7.7.jar;C:\Users\euyan\.m2\repository\org\jboss\jandex\2.4.2.Final\jandex-2.4.2.Final.jar;C:\Users\euyan\.m2\repository\com\fasterxml\classmate\1.5.1\classmate-1.5.1.jar;C:\Users\euyan\.m2\repository\org\hibernate\common\hibernate-commons-annotations\5.1.2.Final\hibernate-commons-annotations-5.1.2.Final.jar;C:\Users\euyan\.m2\repository\org\glassfish\jaxb\jaxb-runtime\2.3.6\jaxb-runtime-2.3.6.jar;C:\Users\euyan\.m2\repository\org\glassfish\jaxb\txw2\2.3.6\txw2-2.3.6.jar;C:\Users\euyan\.m2\repository\com\sun\istack\istack-commons-runtime\3.0.12\istack-commons-runtime-3.0.12.jar;C:\User
Launcher Type: SUN_STANDARD

[Global flags]
     intx CICompilerCount                          = 3                                         {product} {ergonomic}
     uint ConcGCThreads                            = 2                                         {product} {ergonomic}
     uint G1ConcRefinementThreads                  = 6                                         {product} {ergonomic}
   size_t G1HeapRegionSize                         = 4194304                                   {product} {ergonomic}
    uintx GCDrainStackTargetSize                   = 64                                        {product} {ergonomic}
   size_t InitialHeapSize                          = 402653184                                 {product} {ergonomic}
   size_t MarkStackSize                            = 4194304                                   {product} {ergonomic}
   size_t MaxHeapSize                              = 6421479424                                {product} {ergonomic}
   size_t MinHeapDeltaBytes                        = 4194304                                   {product} {ergonomic}
   size_t MinHeapSize                              = 8388608                                   {product} {ergonomic}
    uintx NonNMethodCodeHeapSize                   = 5832780                                {pd product} {ergonomic}
    uintx NonProfiledCodeHeapSize                  = 122912730                              {pd product} {ergonomic}
    uintx ProfiledCodeHeapSize                     = 122912730                              {pd product} {ergonomic}
    uintx ReservedCodeCacheSize                    = 251658240                              {pd product} {ergonomic}
     bool SegmentedCodeCache                       = true                                      {product} {ergonomic}
   size_t SoftMaxHeapSize                          = 6421479424                             {manageable} {ergonomic}
     bool UseCompressedClassPointers               = true                           {product lp64_product} {ergonomic}
     bool UseCompressedOops                        = true                           {product lp64_product} {ergonomic}
     bool UseG1GC                                  = true                                      {product} {ergonomic}
     bool UseLargePagesIndividualAllocation        = false                                  {pd product} {ergonomic}

Logging:
Log output configuration:
 #0: stdout all=warning uptime,level,tags
 #1: stderr all=off uptime,level,tags

Environment Variables:
JAVA_HOME=C:\Program Files\Java\jre-1.8
PATH=C:\Python312\Scripts\;C:\Python312\;C:\Program Files (x86)\Razer Chroma SDK\bin;C:\Program Files\Razer Chroma SDK\bin;C:\Program Files\Common Files\Oracle\Java\javapath;C:\Program Files (x86)\Common Files\Oracle\Java\javapath;C:\Program Files (x86)\Razer\ChromaBroadcast\bin;C:\Program Files\Razer\ChromaBroadcast\bin;c:\windows\system32;c:\windows;c:\windows\system32\wbem;c:\windows\system32\windowspowershell\v1.0\;c:\windows\system32\openssh\;C:\Program Files (x86)\NVIDIA Corporation\PhysX\Common;C:\Users\euyan\AppData\Local\Microsoft\WindowsApps;C:\Program Files\dotnet\;C:\Program Files\MySQL\MySQL Shell 8.0\bin\;C:\Users\euyan\AppData\Local\Programs\Microsoft VS Code\bin;C:\ProgramData\chocolatey\bin;C:\Program Files\Git\cmd;C:\Program Files\NVIDIA Corporation\NVIDIA App\NvDLISR;%NVM_HOME%;%NVM_SYMLINK%;C:\Program Files\MySQL\MySQL Shell 8.0\bin\;C:\Users\euyan\AppData\Local\Microsoft\WindowsApps;C:\Users\euyan\AppData\Local\Programs\Microsoft VS Code\bin;C:\Users\euyan\AppData\Local\Programs\oh-my-posh\bin;C:\Users\euyan\AppData\Roaming\npm;C:\Users\euyan\AppData\Roaming\nvm;C:\Program Files\nodejs
USERNAME=euyan
OS=Windows_NT
PROCESSOR_IDENTIFIER=Intel64 Family 6 Model 158 Stepping 10, GenuineIntel



---------------  S Y S T E M  ---------------

OS:
 Windows 11 , 64 bit Build 22621 (10.0.22621.3235)
OS uptime: 1 days 2:35 hours

CPU: total 6 (initial active 6) (6 cores per cpu, 1 threads per core) family 6 model 158 stepping 10 microcode 0xde, cx8, cmov, fxsr, mmx, 3dnowpref, sse, sse2, sse3, ssse3, sse4.1, sse4.2, popcnt, lzcnt, tsc, tscinvbit, avx, avx2, aes, erms, clmul, bmi1, bmi2, adx, fma, vzeroupper, clflush, clflushopt

Memory: 4k page, system-wide physical 24495M (11233M free)
TotalPageFile size 49395M (AvailPageFile size 87M)
current process WorkingSet (physical memory assigned to process): 11M, peak: 11M
current process commit charge ("private bytes"): 56M, peak: 440M

vm_info: Java HotSpot(TM) 64-Bit Server VM (17.0.8+9-LTS-211) for windows-amd64 JRE (17.0.8+9-LTS-211), built on Jun 14 2023 10:34:31 by "mach5one" with MS VC++ 17.1 (VS2022)

END.
