#
# There is insufficient memory for the Java Runtime Environment to continue.
# Native memory allocation (malloc) failed to allocate 32744 bytes for ChunkPool::allocate
# Possible reasons:
#   The system is out of physical RAM or swap space
#   The process is running with CompressedOops enabled, and the Java Heap may be blocking the growth of the native heap
# Possible solutions:
#   Reduce memory load on the system
#   Increase physical memory or swap space
#   Check if swap backing store is full
#   Decrease Java heap size (-Xmx/-Xms)
#   Decrease number of Java threads
#   Decrease Java thread stack sizes (-Xss)
#   Set larger code cache with -XX:ReservedCodeCacheSize=
#   JVM is running with Zero Based Compressed Oops mode in which the Java heap is
#     placed in the first 32GB address space. The Java Heap base address is the
#     maximum limit for the native heap growth. Please use -XX:HeapBaseMinAddress
#     to set the Java Heap base and to place the Java Heap above 32GB virtual address.
# This output file may be truncated or incomplete.
#
#  Out of Memory Error (arena.cpp:78), pid=20416, tid=20576
#
# JRE version: Java(TM) SE Runtime Environment (17.0.8+9) (build 17.0.8+9-LTS-211)
# Java VM: Java HotSpot(TM) 64-Bit Server VM (17.0.8+9-LTS-211, mixed mode, sharing, tiered, compressed oops, compressed class ptrs, g1 gc, windows-amd64)
# No core dump will be written. Minidumps are not enabled by default on client versions of Windows
#

---------------  S U M M A R Y ------------

Command Line: -agentlib:jdwp=transport=dt_socket,address=127.0.0.1:55585,suspend=y,server=n -javaagent:C:\Users\euyan\AppData\Local\JetBrains\IntelliJIdea2023.3\captureAgent\debugger-agent.jar -Dfile.encoding=UTF-8 br.com.selecao.locadora.LeilaoApplication

Host: Intel(R) Core(TM) i5-9400 CPU @ 2.90GHz, 6 cores, 23G,  Windows 11 , 64 bit Build 22621 (10.0.22621.3235)
Time: Mon Mar 25 19:34:42 2024 E. South America Standard Time elapsed time: 0.504994 seconds (0d 0h 0m 0s)

---------------  T H R E A D  ---------------

Current thread (0x000001ecce089390):  JavaThread "C2 CompilerThread0" daemon [_thread_in_native, id=20576, stack(0x000000af5f500000,0x000000af5f600000)]


Current CompileTask:
C2:    505  201       4       java.util.zip.ZipCoder$UTF8ZipCoder::checkedHash (91 bytes)

Stack: [0x000000af5f500000,0x000000af5f600000]
Native frames: (J=compiled Java code, j=interpreted, Vv=VM code, C=native code)
V  [jvm.dll+0x677d0a]
V  [jvm.dll+0x7d8c54]
V  [jvm.dll+0x7da3fe]
V  [jvm.dll+0x7daa63]
V  [jvm.dll+0x245c5f]
V  [jvm.dll+0xaacc0]
V  [jvm.dll+0xab00c]
V  [jvm.dll+0xaab84]
V  [jvm.dll+0x69d1c5]
V  [jvm.dll+0x1a8103]
V  [jvm.dll+0x69b7c1]
V  [jvm.dll+0x220a68]
V  [jvm.dll+0x220eff]
V  [jvm.dll+0x219e56]
V  [jvm.dll+0x217329]
V  [jvm.dll+0x1a3af0]
V  [jvm.dll+0x2270be]
V  [jvm.dll+0x22535b]
V  [jvm.dll+0x78e7bc]
V  [jvm.dll+0x788bba]
V  [jvm.dll+0x676b35]
C  [ucrtbase.dll+0x29363]
C  [KERNEL32.DLL+0x1257d]
C  [ntdll.dll+0x5aa58]


---------------  P R O C E S S  ---------------

Threads class SMR info:
_java_thread_list=0x000001ecce378690, length=16, elements={
0x000001eca6b2f8a0, 0x000001ecce06e460, 0x000001ecce06f2d0, 0x000001ecce07ee80,
0x000001ecce081a40, 0x000001ecce084800, 0x000001ecce0851b0, 0x000001ecce089390,
0x000001ecce092a60, 0x000001ecce09dc30, 0x000001ecce059210, 0x000001ecce318520,
0x000001ecce32fb00, 0x000001ecce32fff0, 0x000001ecce35a9b0, 0x000001ecce406980
}

Java Threads: ( => current thread )
  0x000001eca6b2f8a0 JavaThread "main" [_thread_in_Java, id=29588, stack(0x000000af5e800000,0x000000af5e900000)]
  0x000001ecce06e460 JavaThread "Reference Handler" daemon [_thread_blocked, id=23576, stack(0x000000af5ef00000,0x000000af5f000000)]
  0x000001ecce06f2d0 JavaThread "Finalizer" daemon [_thread_blocked, id=11916, stack(0x000000af5f000000,0x000000af5f100000)]
  0x000001ecce07ee80 JavaThread "Signal Dispatcher" daemon [_thread_blocked, id=26768, stack(0x000000af5f100000,0x000000af5f200000)]
  0x000001ecce081a40 JavaThread "Attach Listener" daemon [_thread_blocked, id=18300, stack(0x000000af5f200000,0x000000af5f300000)]
  0x000001ecce084800 JavaThread "Service Thread" daemon [_thread_blocked, id=15784, stack(0x000000af5f300000,0x000000af5f400000)]
  0x000001ecce0851b0 JavaThread "Monitor Deflation Thread" daemon [_thread_blocked, id=16980, stack(0x000000af5f400000,0x000000af5f500000)]
=>0x000001ecce089390 JavaThread "C2 CompilerThread0" daemon [_thread_in_native, id=20576, stack(0x000000af5f500000,0x000000af5f600000)]
  0x000001ecce092a60 JavaThread "C1 CompilerThread0" daemon [_thread_in_native, id=29412, stack(0x000000af5f600000,0x000000af5f700000)]
  0x000001ecce09dc30 JavaThread "Sweeper thread" daemon [_thread_blocked, id=22452, stack(0x000000af5f700000,0x000000af5f800000)]
  0x000001ecce059210 JavaThread "Common-Cleaner" daemon [_thread_blocked, id=26776, stack(0x000000af5f800000,0x000000af5f900000)]
  0x000001ecce318520 JavaThread "JDWP Transport Listener: dt_socket" daemon [_thread_blocked, id=20620, stack(0x000000af5f900000,0x000000af5fa00000)]
  0x000001ecce32fb00 JavaThread "JDWP Event Helper Thread" daemon [_thread_blocked, id=9720, stack(0x000000af5fa00000,0x000000af5fb00000)]
  0x000001ecce32fff0 JavaThread "JDWP Command Reader" daemon [_thread_in_native, id=25476, stack(0x000000af5fb00000,0x000000af5fc00000)]
  0x000001ecce35a9b0 JavaThread "Notification Thread" daemon [_thread_blocked, id=5412, stack(0x000000af5fc00000,0x000000af5fd00000)]
  0x000001ecce406980 JavaThread "C2 CompilerThread1" daemon [_thread_in_native, id=14788, stack(0x000000af5fe00000,0x000000af5ff00000)]

Other Threads:
  0x000001ecce067850 VMThread "VM Thread" [stack: 0x000000af5ee00000,0x000000af5ef00000] [id=9632]
  0x000001eca6bd7640 WatcherThread [stack: 0x000000af5fd00000,0x000000af5fe00000] [id=3092]
  0x000001eca6bb68b0 GCTaskThread "GC Thread#0" [stack: 0x000000af5e900000,0x000000af5ea00000] [id=16820]
  0x000001eca6bc4750 ConcurrentGCThread "G1 Main Marker" [stack: 0x000000af5ea00000,0x000000af5eb00000] [id=27644]
  0x000001eca6bc5900 ConcurrentGCThread "G1 Conc#0" [stack: 0x000000af5eb00000,0x000000af5ec00000] [id=22948]
  0x000001eccdf255b0 ConcurrentGCThread "G1 Refine#0" [stack: 0x000000af5ec00000,0x000000af5ed00000] [id=25056]
  0x000001eccdf25de0 ConcurrentGCThread "G1 Service" [stack: 0x000000af5ed00000,0x000000af5ee00000] [id=9940]

Threads with active compile tasks:
C2 CompilerThread0      533  201       4       java.util.zip.ZipCoder$UTF8ZipCoder::checkedHash (91 bytes)
C1 CompilerThread0      533  229       3       java.util.jar.Manifest$FastInputStream::readLine (296 bytes)
C2 CompilerThread1      533  218   !   4       java.util.zip.ZipFile$Source::checkAndAddEntry (262 bytes)

VM state: not at safepoint (normal execution)

VM Mutex/Monitor currently owned by a thread: None

Heap address: 0x0000000681400000, size: 6124 MB, Compressed Oops mode: Zero based, Oop shift amount: 3

CDS archive(s) mapped at: [0x000001eccf000000-0x000001eccfbd0000-0x000001eccfbd0000), size 12386304, SharedBaseAddress: 0x000001eccf000000, ArchiveRelocationMode: 1.
Compressed class space mapped at: 0x000001ecd0000000-0x000001ed10000000, reserved size: 1073741824
Narrow klass base: 0x000001eccf000000, Narrow klass shift: 0, Narrow klass range: 0x100000000

GC Precious Log:
 CPUs: 6 total, 6 available
 Memory: 24495M
 Large Page Support: Disabled
 NUMA Support: Disabled
 Compressed Oops: Enabled (Zero based)
 Heap Region Size: 4M
 Heap Min Capacity: 8M
 Heap Initial Capacity: 384M
 Heap Max Capacity: 6124M
 Pre-touch: Disabled
 Parallel Workers: 6
 Concurrent Workers: 2
 Concurrent Refinement Workers: 6
 Periodic GC: Disabled

Heap:
 garbage-first heap   total 393216K, used 0K [0x0000000681400000, 0x0000000800000000)
  region size 4096K, 2 young (8192K), 0 survivors (0K)
 Metaspace       used 525K, committed 704K, reserved 1114112K
  class space    used 30K, committed 128K, reserved 1048576K

Heap Regions: E=young(eden), S=young(survivor), O=old, HS=humongous(starts), HC=humongous(continues), CS=collection set, F=free, OA=open archive, CA=closed archive, TAMS=top-at-mark-start (previous, next)
|   0|0x0000000681400000, 0x0000000681400000, 0x0000000681800000|  0%| F|  |TAMS 0x0000000681400000, 0x0000000681400000| Untracked 
|   1|0x0000000681800000, 0x0000000681800000, 0x0000000681c00000|  0%| F|  |TAMS 0x0000000681800000, 0x0000000681800000| Untracked 
|   2|0x0000000681c00000, 0x0000000681c00000, 0x0000000682000000|  0%| F|  |TAMS 0x0000000681c00000, 0x0000000681c00000| Untracked 
|   3|0x0000000682000000, 0x0000000682000000, 0x0000000682400000|  0%| F|  |TAMS 0x0000000682000000, 0x0000000682000000| Untracked 
|   4|0x0000000682400000, 0x0000000682400000, 0x0000000682800000|  0%| F|  |TAMS 0x0000000682400000, 0x0000000682400000| Untracked 
|   5|0x0000000682800000, 0x0000000682800000, 0x0000000682c00000|  0%| F|  |TAMS 0x0000000682800000, 0x0000000682800000| Untracked 
|   6|0x0000000682c00000, 0x0000000682c00000, 0x0000000683000000|  0%| F|  |TAMS 0x0000000682c00000, 0x0000000682c00000| Untracked 
|   7|0x0000000683000000, 0x0000000683000000, 0x0000000683400000|  0%| F|  |TAMS 0x0000000683000000, 0x0000000683000000| Untracked 
|   8|0x0000000683400000, 0x0000000683400000, 0x0000000683800000|  0%| F|  |TAMS 0x0000000683400000, 0x0000000683400000| Untracked 
|   9|0x0000000683800000, 0x0000000683800000, 0x0000000683c00000|  0%| F|  |TAMS 0x0000000683800000, 0x0000000683800000| Untracked 
|  10|0x0000000683c00000, 0x0000000683c00000, 0x0000000684000000|  0%| F|  |TAMS 0x0000000683c00000, 0x0000000683c00000| Untracked 
|  11|0x0000000684000000, 0x0000000684000000, 0x0000000684400000|  0%| F|  |TAMS 0x0000000684000000, 0x0000000684000000| Untracked 
|  12|0x0000000684400000, 0x0000000684400000, 0x0000000684800000|  0%| F|  |TAMS 0x0000000684400000, 0x0000000684400000| Untracked 
|  13|0x0000000684800000, 0x0000000684800000, 0x0000000684c00000|  0%| F|  |TAMS 0x0000000684800000, 0x0000000684800000| Untracked 
|  14|0x0000000684c00000, 0x0000000684c00000, 0x0000000685000000|  0%| F|  |TAMS 0x0000000684c00000, 0x0000000684c00000| Untracked 
|  15|0x0000000685000000, 0x0000000685000000, 0x0000000685400000|  0%| F|  |TAMS 0x0000000685000000, 0x0000000685000000| Untracked 
|  16|0x0000000685400000, 0x0000000685400000, 0x0000000685800000|  0%| F|  |TAMS 0x0000000685400000, 0x0000000685400000| Untracked 
|  17|0x0000000685800000, 0x0000000685800000, 0x0000000685c00000|  0%| F|  |TAMS 0x0000000685800000, 0x0000000685800000| Untracked 
|  18|0x0000000685c00000, 0x0000000685c00000, 0x0000000686000000|  0%| F|  |TAMS 0x0000000685c00000, 0x0000000685c00000| Untracked 
|  19|0x0000000686000000, 0x0000000686000000, 0x0000000686400000|  0%| F|  |TAMS 0x0000000686000000, 0x0000000686000000| Untracked 
|  20|0x0000000686400000, 0x0000000686400000, 0x0000000686800000|  0%| F|  |TAMS 0x0000000686400000, 0x0000000686400000| Untracked 
|  21|0x0000000686800000, 0x0000000686800000, 0x0000000686c00000|  0%| F|  |TAMS 0x0000000686800000, 0x0000000686800000| Untracked 
|  22|0x0000000686c00000, 0x0000000686c00000, 0x0000000687000000|  0%| F|  |TAMS 0x0000000686c00000, 0x0000000686c00000| Untracked 
|  23|0x0000000687000000, 0x0000000687000000, 0x0000000687400000|  0%| F|  |TAMS 0x0000000687000000, 0x0000000687000000| Untracked 
|  24|0x0000000687400000, 0x0000000687400000, 0x0000000687800000|  0%| F|  |TAMS 0x0000000687400000, 0x0000000687400000| Untracked 
|  25|0x0000000687800000, 0x0000000687800000, 0x0000000687c00000|  0%| F|  |TAMS 0x0000000687800000, 0x0000000687800000| Untracked 
|  26|0x0000000687c00000, 0x0000000687c00000, 0x0000000688000000|  0%| F|  |TAMS 0x0000000687c00000, 0x0000000687c00000| Untracked 
|  27|0x0000000688000000, 0x0000000688000000, 0x0000000688400000|  0%| F|  |TAMS 0x0000000688000000, 0x0000000688000000| Untracked 
|  28|0x0000000688400000, 0x0000000688400000, 0x0000000688800000|  0%| F|  |TAMS 0x0000000688400000, 0x0000000688400000| Untracked 
|  29|0x0000000688800000, 0x0000000688800000, 0x0000000688c00000|  0%| F|  |TAMS 0x0000000688800000, 0x0000000688800000| Untracked 
|  30|0x0000000688c00000, 0x0000000688c00000, 0x0000000689000000|  0%| F|  |TAMS 0x0000000688c00000, 0x0000000688c00000| Untracked 
|  31|0x0000000689000000, 0x0000000689000000, 0x0000000689400000|  0%| F|  |TAMS 0x0000000689000000, 0x0000000689000000| Untracked 
|  32|0x0000000689400000, 0x0000000689400000, 0x0000000689800000|  0%| F|  |TAMS 0x0000000689400000, 0x0000000689400000| Untracked 
|  33|0x0000000689800000, 0x0000000689800000, 0x0000000689c00000|  0%| F|  |TAMS 0x0000000689800000, 0x0000000689800000| Untracked 
|  34|0x0000000689c00000, 0x0000000689c00000, 0x000000068a000000|  0%| F|  |TAMS 0x0000000689c00000, 0x0000000689c00000| Untracked 
|  35|0x000000068a000000, 0x000000068a000000, 0x000000068a400000|  0%| F|  |TAMS 0x000000068a000000, 0x000000068a000000| Untracked 
|  36|0x000000068a400000, 0x000000068a400000, 0x000000068a800000|  0%| F|  |TAMS 0x000000068a400000, 0x000000068a400000| Untracked 
|  37|0x000000068a800000, 0x000000068a800000, 0x000000068ac00000|  0%| F|  |TAMS 0x000000068a800000, 0x000000068a800000| Untracked 
|  38|0x000000068ac00000, 0x000000068ac00000, 0x000000068b000000|  0%| F|  |TAMS 0x000000068ac00000, 0x000000068ac00000| Untracked 
|  39|0x000000068b000000, 0x000000068b000000, 0x000000068b400000|  0%| F|  |TAMS 0x000000068b000000, 0x000000068b000000| Untracked 
|  40|0x000000068b400000, 0x000000068b400000, 0x000000068b800000|  0%| F|  |TAMS 0x000000068b400000, 0x000000068b400000| Untracked 
|  41|0x000000068b800000, 0x000000068b800000, 0x000000068bc00000|  0%| F|  |TAMS 0x000000068b800000, 0x000000068b800000| Untracked 
|  42|0x000000068bc00000, 0x000000068bc00000, 0x000000068c000000|  0%| F|  |TAMS 0x000000068bc00000, 0x000000068bc00000| Untracked 
|  43|0x000000068c000000, 0x000000068c000000, 0x000000068c400000|  0%| F|  |TAMS 0x000000068c000000, 0x000000068c000000| Untracked 
|  44|0x000000068c400000, 0x000000068c400000, 0x000000068c800000|  0%| F|  |TAMS 0x000000068c400000, 0x000000068c400000| Untracked 
|  45|0x000000068c800000, 0x000000068c800000, 0x000000068cc00000|  0%| F|  |TAMS 0x000000068c800000, 0x000000068c800000| Untracked 
|  46|0x000000068cc00000, 0x000000068cc00000, 0x000000068d000000|  0%| F|  |TAMS 0x000000068cc00000, 0x000000068cc00000| Untracked 
|  47|0x000000068d000000, 0x000000068d000000, 0x000000068d400000|  0%| F|  |TAMS 0x000000068d000000, 0x000000068d000000| Untracked 
|  48|0x000000068d400000, 0x000000068d400000, 0x000000068d800000|  0%| F|  |TAMS 0x000000068d400000, 0x000000068d400000| Untracked 
|  49|0x000000068d800000, 0x000000068d800000, 0x000000068dc00000|  0%| F|  |TAMS 0x000000068d800000, 0x000000068d800000| Untracked 
|  50|0x000000068dc00000, 0x000000068dc00000, 0x000000068e000000|  0%| F|  |TAMS 0x000000068dc00000, 0x000000068dc00000| Untracked 
|  51|0x000000068e000000, 0x000000068e000000, 0x000000068e400000|  0%| F|  |TAMS 0x000000068e000000, 0x000000068e000000| Untracked 
|  52|0x000000068e400000, 0x000000068e400000, 0x000000068e800000|  0%| F|  |TAMS 0x000000068e400000, 0x000000068e400000| Untracked 
|  53|0x000000068e800000, 0x000000068e800000, 0x000000068ec00000|  0%| F|  |TAMS 0x000000068e800000, 0x000000068e800000| Untracked 
|  54|0x000000068ec00000, 0x000000068ec00000, 0x000000068f000000|  0%| F|  |TAMS 0x000000068ec00000, 0x000000068ec00000| Untracked 
|  55|0x000000068f000000, 0x000000068f000000, 0x000000068f400000|  0%| F|  |TAMS 0x000000068f000000, 0x000000068f000000| Untracked 
|  56|0x000000068f400000, 0x000000068f400000, 0x000000068f800000|  0%| F|  |TAMS 0x000000068f400000, 0x000000068f400000| Untracked 
|  57|0x000000068f800000, 0x000000068f800000, 0x000000068fc00000|  0%| F|  |TAMS 0x000000068f800000, 0x000000068f800000| Untracked 
|  58|0x000000068fc00000, 0x000000068fc00000, 0x0000000690000000|  0%| F|  |TAMS 0x000000068fc00000, 0x000000068fc00000| Untracked 
|  59|0x0000000690000000, 0x0000000690000000, 0x0000000690400000|  0%| F|  |TAMS 0x0000000690000000, 0x0000000690000000| Untracked 
|  60|0x0000000690400000, 0x0000000690400000, 0x0000000690800000|  0%| F|  |TAMS 0x0000000690400000, 0x0000000690400000| Untracked 
|  61|0x0000000690800000, 0x0000000690800000, 0x0000000690c00000|  0%| F|  |TAMS 0x0000000690800000, 0x0000000690800000| Untracked 
|  62|0x0000000690c00000, 0x0000000690c00000, 0x0000000691000000|  0%| F|  |TAMS 0x0000000690c00000, 0x0000000690c00000| Untracked 
|  63|0x0000000691000000, 0x0000000691000000, 0x0000000691400000|  0%| F|  |TAMS 0x0000000691000000, 0x0000000691000000| Untracked 
|  64|0x0000000691400000, 0x0000000691400000, 0x0000000691800000|  0%| F|  |TAMS 0x0000000691400000, 0x0000000691400000| Untracked 
|  65|0x0000000691800000, 0x0000000691800000, 0x0000000691c00000|  0%| F|  |TAMS 0x0000000691800000, 0x0000000691800000| Untracked 
|  66|0x0000000691c00000, 0x0000000691c00000, 0x0000000692000000|  0%| F|  |TAMS 0x0000000691c00000, 0x0000000691c00000| Untracked 
|  67|0x0000000692000000, 0x0000000692000000, 0x0000000692400000|  0%| F|  |TAMS 0x0000000692000000, 0x0000000692000000| Untracked 
|  68|0x0000000692400000, 0x0000000692400000, 0x0000000692800000|  0%| F|  |TAMS 0x0000000692400000, 0x0000000692400000| Untracked 
|  69|0x0000000692800000, 0x0000000692800000, 0x0000000692c00000|  0%| F|  |TAMS 0x0000000692800000, 0x0000000692800000| Untracked 
|  70|0x0000000692c00000, 0x0000000692c00000, 0x0000000693000000|  0%| F|  |TAMS 0x0000000692c00000, 0x0000000692c00000| Untracked 
|  71|0x0000000693000000, 0x0000000693000000, 0x0000000693400000|  0%| F|  |TAMS 0x0000000693000000, 0x0000000693000000| Untracked 
|  72|0x0000000693400000, 0x0000000693400000, 0x0000000693800000|  0%| F|  |TAMS 0x0000000693400000, 0x0000000693400000| Untracked 
|  73|0x0000000693800000, 0x0000000693800000, 0x0000000693c00000|  0%| F|  |TAMS 0x0000000693800000, 0x0000000693800000| Untracked 
|  74|0x0000000693c00000, 0x0000000693c00000, 0x0000000694000000|  0%| F|  |TAMS 0x0000000693c00000, 0x0000000693c00000| Untracked 
|  75|0x0000000694000000, 0x0000000694000000, 0x0000000694400000|  0%| F|  |TAMS 0x0000000694000000, 0x0000000694000000| Untracked 
|  76|0x0000000694400000, 0x0000000694400000, 0x0000000694800000|  0%| F|  |TAMS 0x0000000694400000, 0x0000000694400000| Untracked 
|  77|0x0000000694800000, 0x0000000694800000, 0x0000000694c00000|  0%| F|  |TAMS 0x0000000694800000, 0x0000000694800000| Untracked 
|  78|0x0000000694c00000, 0x0000000694c00000, 0x0000000695000000|  0%| F|  |TAMS 0x0000000694c00000, 0x0000000694c00000| Untracked 
|  79|0x0000000695000000, 0x0000000695000000, 0x0000000695400000|  0%| F|  |TAMS 0x0000000695000000, 0x0000000695000000| Untracked 
|  80|0x0000000695400000, 0x0000000695400000, 0x0000000695800000|  0%| F|  |TAMS 0x0000000695400000, 0x0000000695400000| Untracked 
|  81|0x0000000695800000, 0x0000000695800000, 0x0000000695c00000|  0%| F|  |TAMS 0x0000000695800000, 0x0000000695800000| Untracked 
|  82|0x0000000695c00000, 0x0000000695c00000, 0x0000000696000000|  0%| F|  |TAMS 0x0000000695c00000, 0x0000000695c00000| Untracked 
|  83|0x0000000696000000, 0x0000000696000000, 0x0000000696400000|  0%| F|  |TAMS 0x0000000696000000, 0x0000000696000000| Untracked 
|  84|0x0000000696400000, 0x0000000696400000, 0x0000000696800000|  0%| F|  |TAMS 0x0000000696400000, 0x0000000696400000| Untracked 
|  85|0x0000000696800000, 0x0000000696800000, 0x0000000696c00000|  0%| F|  |TAMS 0x0000000696800000, 0x0000000696800000| Untracked 
|  86|0x0000000696c00000, 0x0000000696c00000, 0x0000000697000000|  0%| F|  |TAMS 0x0000000696c00000, 0x0000000696c00000| Untracked 
|  87|0x0000000697000000, 0x0000000697000000, 0x0000000697400000|  0%| F|  |TAMS 0x0000000697000000, 0x0000000697000000| Untracked 
|  88|0x0000000697400000, 0x0000000697400000, 0x0000000697800000|  0%| F|  |TAMS 0x0000000697400000, 0x0000000697400000| Untracked 
|  89|0x0000000697800000, 0x0000000697800000, 0x0000000697c00000|  0%| F|  |TAMS 0x0000000697800000, 0x0000000697800000| Untracked 
|  90|0x0000000697c00000, 0x0000000697c00000, 0x0000000698000000|  0%| F|  |TAMS 0x0000000697c00000, 0x0000000697c00000| Untracked 
|  91|0x0000000698000000, 0x0000000698000000, 0x0000000698400000|  0%| F|  |TAMS 0x0000000698000000, 0x0000000698000000| Untracked 
|  92|0x0000000698400000, 0x0000000698400000, 0x0000000698800000|  0%| F|  |TAMS 0x0000000698400000, 0x0000000698400000| Untracked 
|  93|0x0000000698800000, 0x0000000698800000, 0x0000000698c00000|  0%| F|  |TAMS 0x0000000698800000, 0x0000000698800000| Untracked 
|  94|0x0000000698c00000, 0x0000000698e315a8, 0x0000000699000000| 54%| E|  |TAMS 0x0000000698c00000, 0x0000000698c00000| Complete 
|  95|0x0000000699000000, 0x0000000699400000, 0x0000000699400000|100%| E|  |TAMS 0x0000000699000000, 0x0000000699000000| Complete 

Card table byte_map: [0x000001ecbe0d0000,0x000001ecbecd0000] _byte_map_base: 0x000001ecbacc6000

Marking Bits (Prev, Next): (CMBitMap*) 0x000001eca6bb7ed0, (CMBitMap*) 0x000001eca6bb7f10
 Prev Bits: [0x000001ecbf8d0000, 0x000001ecc5880000)
 Next Bits: [0x000001ecc5880000, 0x000001eccb830000)

Polling page: 0x000001eca4b10000

Metaspace:

Usage:
  Non-class:    495.82 KB used.
      Class:     30.48 KB used.
       Both:    526.30 KB used.

Virtual space:
  Non-class space:       64.00 MB reserved,     576.00 KB ( <1%) committed,  1 nodes.
      Class space:        1.00 GB reserved,     128.00 KB ( <1%) committed,  1 nodes.
             Both:        1.06 GB reserved,     704.00 KB ( <1%) committed. 

Chunk freelists:
   Non-Class:  11.99 MB
       Class:  15.75 MB
        Both:  27.74 MB

MaxMetaspaceSize: unlimited
CompressedClassSpaceSize: 1.00 GB
Initial GC threshold: 21.00 MB
Current GC threshold: 21.00 MB
CDS: on
MetaspaceReclaimPolicy: balanced
 - commit_granule_bytes: 65536.
 - commit_granule_words: 8192.
 - virtual_space_node_default_size: 8388608.
 - enlarge_chunks_in_place: 1.
 - new_chunks_are_fully_committed: 0.
 - uncommit_free_chunks: 1.
 - use_allocation_guard: 0.
 - handle_deallocations: 1.


Internal statistics:

num_allocs_failed_limit: 0.
num_arena_births: 6.
num_arena_deaths: 0.
num_vsnodes_births: 2.
num_vsnodes_deaths: 0.
num_space_committed: 11.
num_space_uncommitted: 0.
num_chunks_returned_to_freelist: 0.
num_chunks_taken_from_freelist: 7.
num_chunk_merges: 0.
num_chunk_splits: 3.
num_chunks_enlarged: 1.
num_purges: 0.
num_inconsistent_stats: 0.

CodeHeap 'non-profiled nmethods': size=120000Kb used=63Kb max_used=63Kb free=119936Kb
 bounds [0x000001ecb5e90000, 0x000001ecb6100000, 0x000001ecbd3c0000]
CodeHeap 'profiled nmethods': size=120000Kb used=258Kb max_used=258Kb free=119741Kb
 bounds [0x000001ecae3c0000, 0x000001ecae630000, 0x000001ecb58f0000]
CodeHeap 'non-nmethods': size=5760Kb used=1168Kb max_used=1182Kb free=4592Kb
 bounds [0x000001ecb58f0000, 0x000001ecb5b60000, 0x000001ecb5e90000]
 total_blobs=595 nmethods=222 adapters=286
 compilation: enabled
              stopped_count=0, restarted_count=0
 full_count=0

Compilation events (20 events):
Event: 0.501 Thread 0x000001ecce092a60 nmethod 187 0x000001ecae3f4590 code [0x000001ecae3f4780, 0x000001ecae3f4bd8]
Event: 0.501 Thread 0x000001ecce092a60  189       3       java.util.zip.ZipUtils::CENEXT (9 bytes)
Event: 0.501 Thread 0x000001ecce092a60 nmethod 189 0x000001ecae3f4e10 code [0x000001ecae3f4fa0, 0x000001ecae3f5158]
Event: 0.501 Thread 0x000001ecce092a60  188       1       java.util.zip.ZipCoder$UTF8ZipCoder::isUTF8 (2 bytes)
Event: 0.501 Thread 0x000001ecce092a60 nmethod 188 0x000001ecb5e9e090 code [0x000001ecb5e9e220, 0x000001ecb5e9e2f8]
Event: 0.501 Thread 0x000001ecce092a60  191       3       java.util.zip.ZipUtils::LG (22 bytes)
Event: 0.502 Thread 0x000001ecce092a60 nmethod 191 0x000001ecae3f5290 code [0x000001ecae3f5440, 0x000001ecae3f56b8]
Event: 0.502 Thread 0x000001ecce092a60  192       3       java.util.zip.ZipUtils::CENNAM (9 bytes)
Event: 0.502 Thread 0x000001ecce092a60 nmethod 192 0x000001ecae3f5810 code [0x000001ecae3f59a0, 0x000001ecae3f5b58]
Event: 0.502 Thread 0x000001ecce092a60  193       3       java.util.zip.ZipFile$Source::zipCoderForPos (39 bytes)
Event: 0.502 Thread 0x000001ecce089390 nmethod 190 0x000001ecb5e9e390 code [0x000001ecb5e9e500, 0x000001ecb5e9e5b8]
Event: 0.502 Thread 0x000001ecce092a60 nmethod 193 0x000001ecae3f5c90 code [0x000001ecae3f5e60, 0x000001ecae3f6268]
Event: 0.502 Thread 0x000001ecce092a60  194       3       java.util.zip.ZipUtils::CENHOW (9 bytes)
Event: 0.503 Thread 0x000001ecce092a60 nmethod 194 0x000001ecae3f6410 code [0x000001ecae3f65a0, 0x000001ecae3f6758]
Event: 0.503 Thread 0x000001ecce092a60  195       3       java.util.zip.ZipUtils::CENCOM (9 bytes)
Event: 0.503 Thread 0x000001ecce089390  201       4       java.util.zip.ZipCoder$UTF8ZipCoder::checkedHash (91 bytes)
Event: 0.503 Thread 0x000001ecce092a60 nmethod 195 0x000001ecae3f6890 code [0x000001ecae3f6a20, 0x000001ecae3f6bd8]
Event: 0.503 Thread 0x000001ecce092a60  197       3       java.util.zip.ZipUtils::CENSIG (8 bytes)
Event: 0.503 Thread 0x000001ecce092a60 nmethod 197 0x000001ecae3f6d10 code [0x000001ecae3f6ec0, 0x000001ecae3f7198]
Event: 0.503 Thread 0x000001ecce092a60  196   !   3       java.util.zip.ZipFile$Source::checkAndAddEntry (262 bytes)

GC Heap History (0 events):
No events

Deoptimization events (8 events):
Event: 0.485 Thread 0x000001eca6b2f8a0 Uncommon trap: trap_request=0xffffff45 fr.pc=0x000001ecb5e9d960 relative=0x0000000000000060
Event: 0.485 Thread 0x000001eca6b2f8a0 Uncommon trap: reason=unstable_if action=reinterpret pc=0x000001ecb5e9d960 method=java.lang.String.isLatin1()Z @ 10 c2
Event: 0.485 Thread 0x000001eca6b2f8a0 DEOPT PACKING pc=0x000001ecb5e9d960 sp=0x000000af5e8fe270
Event: 0.485 Thread 0x000001eca6b2f8a0 DEOPT UNPACKING pc=0x000001ecb59423a3 sp=0x000000af5e8fe210 mode 2
Event: 0.485 Thread 0x000001eca6b2f8a0 Uncommon trap: trap_request=0xffffff45 fr.pc=0x000001ecb5e91600 relative=0x0000000000000080
Event: 0.485 Thread 0x000001eca6b2f8a0 Uncommon trap: reason=unstable_if action=reinterpret pc=0x000001ecb5e91600 method=java.lang.String.isLatin1()Z @ 10 c2
Event: 0.485 Thread 0x000001eca6b2f8a0 DEOPT PACKING pc=0x000001ecb5e91600 sp=0x000000af5e8fec20
Event: 0.485 Thread 0x000001eca6b2f8a0 DEOPT UNPACKING pc=0x000001ecb59423a3 sp=0x000000af5e8feb70 mode 2

Classes unloaded (0 events):
No events

Classes redefined (0 events):
No events

Internal exceptions (0 events):
No events

VM Operations (8 events):
Event: 0.119 Executing VM operation: HandshakeAllThreads
Event: 0.119 Executing VM operation: HandshakeAllThreads done
Event: 0.130 Executing VM operation: ChangeBreakpoints
Event: 0.131 Executing VM operation: ChangeBreakpoints done
Event: 0.470 Executing VM operation: ChangeBreakpoints
Event: 0.470 Executing VM operation: ChangeBreakpoints done
Event: 0.473 Executing VM operation: ChangeBreakpoints
Event: 0.473 Executing VM operation: ChangeBreakpoints done

Events (20 events):
Event: 0.481 loading class com/intellij/rt/debugger/agent/CollectionBreakpointInstrumentor$PutMethod
Event: 0.481 loading class com/intellij/rt/debugger/agent/CollectionBreakpointInstrumentor$PutMethod done
Event: 0.481 loading class com/intellij/rt/debugger/agent/CollectionBreakpointInstrumentor$RemoveKeyMethod
Event: 0.481 loading class com/intellij/rt/debugger/agent/CollectionBreakpointInstrumentor$RemoveKeyMethod done
Event: 0.481 loading class com/intellij/rt/debugger/agent/CollectionBreakpointInstrumentor$CollectionBreakpointTransformer
Event: 0.481 loading class com/intellij/rt/debugger/agent/CollectionBreakpointInstrumentor$CollectionBreakpointTransformer done
Event: 0.481 Thread 0x000001ecce35a9b0 Thread added: 0x000001ecce35a9b0
Event: 0.485 loading class br/com/selecao/locadora/LeilaoApplication
Event: 0.485 loading class br/com/selecao/locadora/LeilaoApplication done
Event: 0.485 loading class jdk/internal/loader/URLClassPath$FileLoader
Event: 0.486 loading class jdk/internal/loader/URLClassPath$FileLoader done
Event: 0.486 loading class sun/nio/cs/UTF_8$Decoder
Event: 0.486 loading class sun/nio/cs/UTF_8$Decoder done
Event: 0.487 loading class jdk/internal/loader/URLClassPath$FileLoader$1
Event: 0.488 loading class jdk/internal/loader/URLClassPath$FileLoader$1 done
Event: 0.489 loading class org/springframework/boot/SpringApplication
Event: 0.489 loading class org/springframework/boot/SpringApplication done
Event: 0.495 Loaded shared library C:\Program Files\Java\jdk-17\bin\net.dll
Event: 0.496 Loaded shared library C:\Program Files\Java\jdk-17\bin\nio.dll
Event: 0.499 Loaded shared library C:\Program Files\Java\jdk-17\bin\zip.dll


Dynamic libraries:
0x00007ff76d4a0000 - 0x00007ff76d4b0000 	C:\Program Files\Java\jdk-17\bin\java.exe
0x00007ff82c8f0000 - 0x00007ff82cb06000 	C:\WINDOWS\SYSTEM32\ntdll.dll
0x00007ff82b7a0000 - 0x00007ff82b864000 	C:\WINDOWS\System32\KERNEL32.DLL
0x00007ff829dd0000 - 0x00007ff82a176000 	C:\WINDOWS\System32\KERNELBASE.dll
0x00007ff82a1f0000 - 0x00007ff82a301000 	C:\WINDOWS\System32\ucrtbase.dll
0x00007ff805190000 - 0x00007ff8051ab000 	C:\Program Files\Java\jdk-17\bin\VCRUNTIME140.dll
0x00007ff805d80000 - 0x00007ff805d99000 	C:\Program Files\Java\jdk-17\bin\jli.dll
0x00007ff82a6a0000 - 0x00007ff82a752000 	C:\WINDOWS\System32\ADVAPI32.dll
0x00007ff82b880000 - 0x00007ff82b927000 	C:\WINDOWS\System32\msvcrt.dll
0x00007ff82bc10000 - 0x00007ff82bcb8000 	C:\WINDOWS\System32\sechost.dll
0x00007ff829d70000 - 0x00007ff829d98000 	C:\WINDOWS\System32\bcrypt.dll
0x00007ff82bcc0000 - 0x00007ff82bdd5000 	C:\WINDOWS\System32\RPCRT4.dll
0x00007ff82a940000 - 0x00007ff82aaed000 	C:\WINDOWS\System32\USER32.dll
0x00007ff8192d0000 - 0x00007ff819563000 	C:\WINDOWS\WinSxS\amd64_microsoft.windows.common-controls_6595b64144ccf1df_6.0.22621.3235_none_270f74e173860f98\COMCTL32.dll
0x00007ff829da0000 - 0x00007ff829dc6000 	C:\WINDOWS\System32\win32u.dll
0x00007ff82a610000 - 0x00007ff82a639000 	C:\WINDOWS\System32\GDI32.dll
0x00007ff82a310000 - 0x00007ff82a428000 	C:\WINDOWS\System32\gdi32full.dll
0x00007ff82a430000 - 0x00007ff82a4ca000 	C:\WINDOWS\System32\msvcp_win.dll
0x00007ff822c70000 - 0x00007ff822c7a000 	C:\WINDOWS\SYSTEM32\VERSION.dll
0x00007ff82bbd0000 - 0x00007ff82bc01000 	C:\WINDOWS\System32\IMM32.DLL
0x00007ff80ff80000 - 0x00007ff80ff8c000 	C:\Program Files\Java\jdk-17\bin\vcruntime140_1.dll
0x00007fffd5de0000 - 0x00007fffd5e6e000 	C:\Program Files\Java\jdk-17\bin\msvcp140.dll
0x00007fffb6b80000 - 0x00007fffb775e000 	C:\Program Files\Java\jdk-17\bin\server\jvm.dll
0x00007ff82aef0000 - 0x00007ff82aef8000 	C:\WINDOWS\System32\PSAPI.DLL
0x00007ff807cd0000 - 0x00007ff807cd9000 	C:\WINDOWS\SYSTEM32\WSOCK32.dll
0x00007ff82b1a0000 - 0x00007ff82b211000 	C:\WINDOWS\System32\WS2_32.dll
0x00007ff820910000 - 0x00007ff820944000 	C:\WINDOWS\SYSTEM32\WINMM.dll
0x00007ff828c40000 - 0x00007ff828c58000 	C:\WINDOWS\SYSTEM32\kernel.appcore.dll
0x00007ff80fe50000 - 0x00007ff80fe5a000 	C:\Program Files\Java\jdk-17\bin\jimage.dll
0x00007ff81e870000 - 0x00007ff81eaa3000 	C:\WINDOWS\SYSTEM32\DBGHELP.DLL
0x00007ff82ab60000 - 0x00007ff82aee8000 	C:\WINDOWS\System32\combase.dll
0x00007ff82b0a0000 - 0x00007ff82b177000 	C:\WINDOWS\System32\OLEAUT32.dll
0x00007ff80a4d0000 - 0x00007ff80a502000 	C:\WINDOWS\SYSTEM32\dbgcore.DLL
0x00007ff82a4d0000 - 0x00007ff82a54a000 	C:\WINDOWS\System32\bcryptPrimitives.dll
0x00007fffcfef0000 - 0x00007fffcff2b000 	C:\Program Files\Java\jdk-17\bin\jdwp.dll
0x00007ff8005e0000 - 0x00007ff8005ee000 	C:\Program Files\Java\jdk-17\bin\instrument.dll
0x00007ffffabe0000 - 0x00007ffffac05000 	C:\Program Files\Java\jdk-17\bin\java.dll
0x00007ffff64b0000 - 0x00007ffff64c8000 	C:\Program Files\Java\jdk-17\bin\zip.dll
0x00007fffcb960000 - 0x00007fffcba37000 	C:\Program Files\Java\jdk-17\bin\jsvml.dll
0x00007ff82bde0000 - 0x00007ff82c63d000 	C:\WINDOWS\System32\SHELL32.dll
0x00007ff827b60000 - 0x00007ff828458000 	C:\WINDOWS\SYSTEM32\windows.storage.dll
0x00007ff827a20000 - 0x00007ff827b5e000 	C:\WINDOWS\SYSTEM32\wintypes.dll
0x00007ff82ba70000 - 0x00007ff82bb63000 	C:\WINDOWS\System32\SHCORE.dll
0x00007ff82bb70000 - 0x00007ff82bbce000 	C:\WINDOWS\System32\shlwapi.dll
0x00007ff829b30000 - 0x00007ff829b56000 	C:\WINDOWS\SYSTEM32\profapi.dll
0x00007fffef1e0000 - 0x00007fffef1ec000 	C:\Program Files\Java\jdk-17\bin\dt_socket.dll
0x00007ff8286c0000 - 0x00007ff8286ed000 	C:\WINDOWS\SYSTEM32\IPHLPAPI.DLL
0x00007ff829130000 - 0x00007ff829199000 	C:\WINDOWS\system32\mswsock.dll
0x00007ffff7b40000 - 0x00007ffff7b59000 	C:\Program Files\Java\jdk-17\bin\net.dll
0x00007ff823670000 - 0x00007ff8237a7000 	C:\WINDOWS\SYSTEM32\WINHTTP.dll
0x00007ffff7b20000 - 0x00007ffff7b36000 	C:\Program Files\Java\jdk-17\bin\nio.dll

dbghelp: loaded successfully - version: 4.0.5 - missing functions: none
symbol engine: initialized successfully - sym options: 0x614 - pdb path: (cannot be retrieved)

VM Arguments:
jvm_args: -agentlib:jdwp=transport=dt_socket,address=127.0.0.1:55585,suspend=y,server=n -javaagent:C:\Users\euyan\AppData\Local\JetBrains\IntelliJIdea2023.3\captureAgent\debugger-agent.jar -Dfile.encoding=UTF-8 
java_command: br.com.selecao.locadora.LeilaoApplication
java_class_path (initial): E:\yan\Projeto-leilão\Selecao-Dev-AZ-master\Selecao-Dev-AZ-master\leilao-api\target\classes;C:\Users\euyan\.m2\repository\org\springframework\boot\spring-boot-starter-data-jpa\2.7.0\spring-boot-starter-data-jpa-2.7.0.jar;C:\Users\euyan\.m2\repository\org\springframework\boot\spring-boot-starter-aop\2.7.0\spring-boot-starter-aop-2.7.0.jar;C:\Users\euyan\.m2\repository\org\springframework\spring-aop\5.3.20\spring-aop-5.3.20.jar;C:\Users\euyan\.m2\repository\org\aspectj\aspectjweaver\1.9.7\aspectjweaver-1.9.7.jar;C:\Users\euyan\.m2\repository\org\springframework\boot\spring-boot-starter-jdbc\2.7.0\spring-boot-starter-jdbc-2.7.0.jar;C:\Users\euyan\.m2\repository\com\zaxxer\HikariCP\4.0.3\HikariCP-4.0.3.jar;C:\Users\euyan\.m2\repository\org\springframework\spring-jdbc\5.3.20\spring-jdbc-5.3.20.jar;C:\Users\euyan\.m2\repository\jakarta\transaction\jakarta.transaction-api\1.3.3\jakarta.transaction-api-1.3.3.jar;C:\Users\euyan\.m2\repository\jakarta\persistence\jakarta.persistence-api\2.2.3\jakarta.persistence-api-2.2.3.jar;C:\Users\euyan\.m2\repository\org\hibernate\hibernate-core\5.6.9.Final\hibernate-core-5.6.9.Final.jar;C:\Users\euyan\.m2\repository\org\jboss\logging\jboss-logging\3.4.3.Final\jboss-logging-3.4.3.Final.jar;C:\Users\euyan\.m2\repository\net\bytebuddy\byte-buddy\1.12.10\byte-buddy-1.12.10.jar;C:\Users\euyan\.m2\repository\antlr\antlr\2.7.7\antlr-2.7.7.jar;C:\Users\euyan\.m2\repository\org\jboss\jandex\2.4.2.Final\jandex-2.4.2.Final.jar;C:\Users\euyan\.m2\repository\com\fasterxml\classmate\1.5.1\classmate-1.5.1.jar;C:\Users\euyan\.m2\repository\org\hibernate\common\hibernate-commons-annotations\5.1.2.Final\hibernate-commons-annotations-5.1.2.Final.jar;C:\Users\euyan\.m2\repository\org\glassfish\jaxb\jaxb-runtime\2.3.6\jaxb-runtime-2.3.6.jar;C:\Users\euyan\.m2\repository\org\glassfish\jaxb\txw2\2.3.6\txw2-2.3.6.jar;C:\Users\euyan\.m2\repository\com\sun\istack\istack-commons-runtime\3.0.12\istack-commons-runtime-3.0.12.jar;C:\User
Launcher Type: SUN_STANDARD

[Global flags]
     intx CICompilerCount                          = 3                                         {product} {ergonomic}
     uint ConcGCThreads                            = 2                                         {product} {ergonomic}
     uint G1ConcRefinementThreads                  = 6                                         {product} {ergonomic}
   size_t G1HeapRegionSize                         = 4194304                                   {product} {ergonomic}
    uintx GCDrainStackTargetSize                   = 64                                        {product} {ergonomic}
   size_t InitialHeapSize                          = 402653184                                 {product} {ergonomic}
   size_t MarkStackSize                            = 4194304                                   {product} {ergonomic}
   size_t MaxHeapSize                              = 6421479424                                {product} {ergonomic}
   size_t MaxNewSize                               = 3850371072                                {product} {ergonomic}
   size_t MinHeapDeltaBytes                        = 4194304                                   {product} {ergonomic}
   size_t MinHeapSize                              = 8388608                                   {product} {ergonomic}
    uintx NonNMethodCodeHeapSize                   = 5832780                                {pd product} {ergonomic}
    uintx NonProfiledCodeHeapSize                  = 122912730                              {pd product} {ergonomic}
    uintx ProfiledCodeHeapSize                     = 122912730                              {pd product} {ergonomic}
    uintx ReservedCodeCacheSize                    = 251658240                              {pd product} {ergonomic}
     bool SegmentedCodeCache                       = true                                      {product} {ergonomic}
   size_t SoftMaxHeapSize                          = 6421479424                             {manageable} {ergonomic}
     bool UseCompressedClassPointers               = true                           {product lp64_product} {ergonomic}
     bool UseCompressedOops                        = true                           {product lp64_product} {ergonomic}
     bool UseG1GC                                  = true                                      {product} {ergonomic}
     bool UseLargePagesIndividualAllocation        = false                                  {pd product} {ergonomic}

Logging:
Log output configuration:
 #0: stdout all=warning uptime,level,tags
 #1: stderr all=off uptime,level,tags

Environment Variables:
JAVA_HOME=C:\Program Files\Java\jre-1.8
PATH=C:\Python312\Scripts\;C:\Python312\;C:\Program Files (x86)\Razer Chroma SDK\bin;C:\Program Files\Razer Chroma SDK\bin;C:\Program Files\Common Files\Oracle\Java\javapath;C:\Program Files (x86)\Common Files\Oracle\Java\javapath;C:\Program Files (x86)\Razer\ChromaBroadcast\bin;C:\Program Files\Razer\ChromaBroadcast\bin;c:\windows\system32;c:\windows;c:\windows\system32\wbem;c:\windows\system32\windowspowershell\v1.0\;c:\windows\system32\openssh\;C:\Program Files (x86)\NVIDIA Corporation\PhysX\Common;C:\Users\euyan\AppData\Local\Microsoft\WindowsApps;C:\Program Files\dotnet\;C:\Program Files\MySQL\MySQL Shell 8.0\bin\;C:\Users\euyan\AppData\Local\Programs\Microsoft VS Code\bin;C:\ProgramData\chocolatey\bin;C:\Program Files\Git\cmd;C:\Program Files\NVIDIA Corporation\NVIDIA App\NvDLISR;%NVM_HOME%;%NVM_SYMLINK%;C:\Program Files\MySQL\MySQL Shell 8.0\bin\;C:\Users\euyan\AppData\Local\Microsoft\WindowsApps;C:\Users\euyan\AppData\Local\Programs\Microsoft VS Code\bin;C:\Users\euyan\AppData\Local\Programs\oh-my-posh\bin;C:\Users\euyan\AppData\Roaming\npm;C:\Users\euyan\AppData\Roaming\nvm;C:\Program Files\nodejs
USERNAME=euyan
OS=Windows_NT
PROCESSOR_IDENTIFIER=Intel64 Family 6 Model 158 Stepping 10, GenuineIntel



---------------  S Y S T E M  ---------------

OS:
 Windows 11 , 64 bit Build 22621 (10.0.22621.3235)
OS uptime: 1 days 3:00 hours

CPU: total 6 (initial active 6) (6 cores per cpu, 1 threads per core) family 6 model 158 stepping 10 microcode 0xde, cx8, cmov, fxsr, mmx, 3dnowpref, sse, sse2, sse3, ssse3, sse4.1, sse4.2, popcnt, lzcnt, tsc, tscinvbit, avx, avx2, aes, erms, clmul, bmi1, bmi2, adx, fma, vzeroupper, clflush, clflushopt

Memory: 4k page, system-wide physical 24495M (13360M free)
TotalPageFile size 49395M (AvailPageFile size 2M)
current process WorkingSet (physical memory assigned to process): 43M, peak: 43M
current process commit charge ("private bytes"): 475M, peak: 476M

vm_info: Java HotSpot(TM) 64-Bit Server VM (17.0.8+9-LTS-211) for windows-amd64 JRE (17.0.8+9-LTS-211), built on Jun 14 2023 10:34:31 by "mach5one" with MS VC++ 17.1 (VS2022)

END.
